2024-01-26 17:40:52,495 INFO  [org.jboss.modules] (main) JBoss Modules version 1.6.1.Final
2024-01-26 17:40:52,939 INFO  [org.jboss.msc] (main) JBoss MSC version 1.2.7.SP1
2024-01-26 17:40:53,039 INFO  [org.jboss.as] (MSC service thread 1-8) WFLYSRV0049: WildFly Full 11.0.0.Final (WildFly Core 3.0.8.Final) starting
2024-01-26 17:40:53,040 DEBUG [org.jboss.as.config] (MSC service thread 1-8) Configured system properties:
	awt.toolkit = sun.awt.windows.WToolkit
	file.encoding = UTF-8
	file.encoding.pkg = sun.io
	file.separator = \
	java.awt.graphicsenv = sun.awt.Win32GraphicsEnvironment
	java.awt.headless = true
	java.awt.printerjob = sun.awt.windows.WPrinterJob
	java.class.path = C:\Users\Zakaria\Desktop\banqueapps\WildFly\wildfly-11.0.0.Final\jboss-modules.jar
	java.class.version = 52.0
	java.endorsed.dirs = C:\Program Files\Eclipse Adoptium\jdk-8.0.402.6-hotspot\jre\lib\endorsed
	java.ext.dirs = C:\Program Files\Eclipse Adoptium\jdk-8.0.402.6-hotspot\jre\lib\ext;C:\Windows\Sun\Java\lib\ext
	java.home = C:\Program Files\Eclipse Adoptium\jdk-8.0.402.6-hotspot\jre
	java.io.tmpdir = C:\Users\Zakaria\AppData\Local\Temp\
	java.library.path = C:\Program Files\Eclipse Adoptium\jdk-8.0.402.6-hotspot\bin;C:\Windows\Sun\Java\bin;C:\Windows\system32;C:\Windows;native;C:/Users/Zakaria/.p2/pool/plugins/org.eclipse.justj.openjdk.hotspot.jre.full.win32.x86_64_17.0.10.v20240120-1143/jre/bin/server;C:/Users/Zakaria/.p2/pool/plugins/org.eclipse.justj.openjdk.hotspot.jre.full.win32.x86_64_17.0.10.v20240120-1143/jre/bin;C:\Program Files\Eclipse Adoptium\jdk-8.0.402.6-hotspot\bin;C:\Program Files\Eclipse Adoptium\jdk-21.0.2.13-hotspot\bin;C:\Windows\system32;C:\Windows;C:\Windows\System32\Wbem;C:\Windows\System32\WindowsPowerShell\v1.0\;C:\Windows\System32\OpenSSH\;C:\Program Files (x86)\NVIDIA Corporation\PhysX\Common;C:\Program Files\NVIDIA Corporation\NVIDIA NvDLISR;C:\Program Files\Microsoft VS Code\bin;C:\Program Files\dotnet\;C:\Users\Zakaria\AppData\Local\Microsoft\WindowsApps;C:\Users\Zakaria\AppData\Local\GitHubDesktop\bin;C:\Users\Zakaria\AppData\Local\Programs\Microsoft VS Code\bin;C:\Windows\System32;;.
	java.net.preferIPv4Stack = true
	java.runtime.name = OpenJDK Runtime Environment
	java.runtime.version = 1.8.0_402-b06
	java.specification.maintenance.version = 5
	java.specification.name = Java Platform API Specification
	java.specification.vendor = Oracle Corporation
	java.specification.version = 1.8
	java.util.logging.manager = org.jboss.logmanager.LogManager
	java.vendor = Temurin
	java.vendor.url = https://adoptium.net/
	java.vendor.url.bug = https://github.com/adoptium/adoptium-support/issues
	java.version = 1.8.0_402
	java.vm.info = mixed mode
	java.vm.name = OpenJDK 64-Bit Server VM
	java.vm.specification.name = Java Virtual Machine Specification
	java.vm.specification.vendor = Oracle Corporation
	java.vm.specification.version = 1.8
	java.vm.vendor = Temurin
	java.vm.version = 25.402-b06
	javax.management.builder.initial = org.jboss.as.jmx.PluggableMBeanServerBuilder
	javax.xml.datatype.DatatypeFactory = __redirected.__DatatypeFactory
	javax.xml.parsers.DocumentBuilderFactory = __redirected.__DocumentBuilderFactory
	javax.xml.parsers.SAXParserFactory = __redirected.__SAXParserFactory
	javax.xml.stream.XMLEventFactory = __redirected.__XMLEventFactory
	javax.xml.stream.XMLInputFactory = __redirected.__XMLInputFactory
	javax.xml.stream.XMLOutputFactory = __redirected.__XMLOutputFactory
	javax.xml.transform.TransformerFactory = __redirected.__TransformerFactory
	javax.xml.validation.SchemaFactory:http://www.w3.org/2001/XMLSchema = __redirected.__SchemaFactory
	javax.xml.xpath.XPathFactory:http://java.sun.com/jaxp/xpath/dom = __redirected.__XPathFactory
	jboss.bind.address = localhost
	jboss.bind.address.management = localhost
	jboss.home.dir = C:\Users\Zakaria\Desktop\banqueapps\WildFly\wildfly-11.0.0.Final
	jboss.host.name = xmg
	jboss.modules.dir = C:\Users\Zakaria\Desktop\banqueapps\WildFly\wildfly-11.0.0.Final\modules
	jboss.modules.system.pkgs = org.jboss.byteman
	jboss.node.name = xmg
	jboss.qualified.host.name = xmg
	jboss.server.base.dir = C:\Users\Zakaria\Desktop\banqueapps\WildFly\wildfly-11.0.0.Final\standalone
	jboss.server.config.dir = C:\Users\Zakaria\Desktop\banqueapps\WildFly\wildfly-11.0.0.Final\standalone\configuration
	jboss.server.data.dir = C:\Users\Zakaria\Desktop\banqueapps\WildFly\wildfly-11.0.0.Final\standalone\data
	jboss.server.deploy.dir = C:\Users\Zakaria\Desktop\banqueapps\WildFly\wildfly-11.0.0.Final\standalone\data\content
	jboss.server.log.dir = C:\Users\Zakaria\Desktop\banqueapps\WildFly\wildfly-11.0.0.Final\standalone\log
	jboss.server.name = xmg
	jboss.server.persist.config = true
	jboss.server.temp.dir = C:\Users\Zakaria\Desktop\banqueapps\WildFly\wildfly-11.0.0.Final\standalone\tmp
	line.separator = 

	logging.configuration = file:C:\Users\Zakaria\Desktop\banqueapps\WildFly\wildfly-11.0.0.Final\standalone\configuration\logging.properties
	module.path = C:\Users\Zakaria\Desktop\banqueapps\WildFly\wildfly-11.0.0.Final\modules
	org.jboss.boot.log.file = C:\Users\Zakaria\Desktop\banqueapps\WildFly\wildfly-11.0.0.Final\standalone\log\boot.log
	org.jboss.logmanager.nocolor = true
	org.jboss.resolver.warning = true
	org.xml.sax.driver = __redirected.__XMLReaderFactory
	os.arch = amd64
	os.name = Windows 11
	os.version = 10.0
	path.separator = ;
	program.name = JBossTools: WildFly 11
	stderr.encoding = UTF-8
	stdout.encoding = UTF-8
	sun.arch.data.model = 64
	sun.boot.class.path = C:\Program Files\Eclipse Adoptium\jdk-8.0.402.6-hotspot\jre\lib\resources.jar;C:\Program Files\Eclipse Adoptium\jdk-8.0.402.6-hotspot\jre\lib\rt.jar;C:\Program Files\Eclipse Adoptium\jdk-8.0.402.6-hotspot\jre\lib\sunrsasign.jar;C:\Program Files\Eclipse Adoptium\jdk-8.0.402.6-hotspot\jre\lib\jsse.jar;C:\Program Files\Eclipse Adoptium\jdk-8.0.402.6-hotspot\jre\lib\jce.jar;C:\Program Files\Eclipse Adoptium\jdk-8.0.402.6-hotspot\jre\lib\charsets.jar;C:\Program Files\Eclipse Adoptium\jdk-8.0.402.6-hotspot\jre\lib\jfr.jar;C:\Program Files\Eclipse Adoptium\jdk-8.0.402.6-hotspot\jre\classes
	sun.boot.library.path = C:\Program Files\Eclipse Adoptium\jdk-8.0.402.6-hotspot\jre\bin
	sun.cpu.endian = little
	sun.cpu.isalist = amd64
	sun.desktop = windows
	sun.io.unicode.encoding = UnicodeLittle
	sun.java.command = org.jboss.modules.Main -mp C:\Users\Zakaria\Desktop\banqueapps\WildFly\wildfly-11.0.0.Final\modules org.jboss.as.standalone -b localhost --server-config=standalone.xml -Djboss.server.base.dir=C:\Users\Zakaria\Desktop\banqueapps\WildFly\wildfly-11.0.0.Final\standalone
	sun.java.launcher = SUN_STANDARD
	sun.jnu.encoding = Cp1252
	sun.management.compiler = HotSpot 64-Bit Tiered Compilers
	sun.os.patch.level = 
	sun.rmi.dgc.client.gcInterval = 3600000
	sun.rmi.dgc.server.gcInterval = 3600000
	user.country = FR
	user.dir = C:\Users\Zakaria\Desktop\banqueapps\WildFly\wildfly-11.0.0.Final\bin
	user.home = C:\Users\Zakaria
	user.language = fr
	user.name = Zakaria
	user.script = 
	user.timezone = Europe/Paris
	user.variant = 
2024-01-26 17:40:53,044 DEBUG [org.jboss.as.config] (MSC service thread 1-8) VM Arguments: -Dprogram.name=JBossTools: WildFly 11 -Xms64m -Xmx512m -Dorg.jboss.resolver.warning=true -Djava.net.preferIPv4Stack=true -Dsun.rmi.dgc.client.gcInterval=3600000 -Dsun.rmi.dgc.server.gcInterval=3600000 -Djboss.modules.system.pkgs=org.jboss.byteman -Djava.awt.headless=true -Dorg.jboss.boot.log.file=C:\Users\Zakaria\Desktop\banqueapps\WildFly\wildfly-11.0.0.Final\standalone\log\boot.log -Dlogging.configuration=file:C:\Users\Zakaria\Desktop\banqueapps\WildFly\wildfly-11.0.0.Final\standalone\configuration\logging.properties -Djboss.home.dir=C:\Users\Zakaria\Desktop\banqueapps\WildFly\wildfly-11.0.0.Final -Dorg.jboss.logmanager.nocolor=true -Djboss.bind.address.management=localhost -Dfile.encoding=UTF-8 -Dstdout.encoding=UTF-8 -Dstderr.encoding=UTF-8 
2024-01-26 17:40:53,970 INFO  [org.jboss.as.controller.management-deprecated] (Controller Boot Thread) WFLYCTL0028: Attribute 'security-realm' in the resource at address '/core-service=management/management-interface=http-interface' is deprecated, and may be removed in future version. See the attribute description in the output of the read-resource-description operation to learn more about the deprecation.
2024-01-26 17:40:53,983 INFO  [org.wildfly.security] (ServerService Thread Pool -- 16) ELY00001: WildFly Elytron version 1.1.6.Final
2024-01-26 17:40:53,986 INFO  [org.jboss.as.controller.management-deprecated] (ServerService Thread Pool -- 27) WFLYCTL0028: Attribute 'security-realm' in the resource at address '/subsystem=undertow/server=default-server/https-listener=https' is deprecated, and may be removed in future version. See the attribute description in the output of the read-resource-description operation to learn more about the deprecation.
2024-01-26 17:40:54,028 INFO  [org.jboss.as.server.deployment.scanner] (DeploymentScanner-threads - 1) WFLYDS0004: Found BankEAR.ear in deployment directory. To trigger deployment create a file called BankEAR.ear.dodeploy
2024-01-26 17:40:54,028 INFO  [org.jboss.as.server.deployment.scanner] (DeploymentScanner-threads - 1) WFLYDS0004: Found fstBankWe.war in deployment directory. To trigger deployment create a file called fstBankWe.war.dodeploy
2024-01-26 17:40:54,054 INFO  [org.jboss.as.server] (Controller Boot Thread) WFLYSRV0039: Creating http management service using socket-binding (management-http)
2024-01-26 17:40:54,066 INFO  [org.xnio] (MSC service thread 1-1) XNIO version 3.5.4.Final
2024-01-26 17:40:54,073 INFO  [org.xnio.nio] (MSC service thread 1-1) XNIO NIO Implementation Version 3.5.4.Final
